<?xml version="1.0" encoding="UTF-8" ?>
<testsuite tests="6" failures="0" name="com.fdmgroup.caruserregistration.UserDaoTest" time="0.219" errors="0" skipped="0">
  <properties>
[...]
</properties>
  <testcase classname="com.fdmgroup.caruserregistration.UserDaoTest" name="test_createDuplicatePersistsUserToDatabase" time="0.094"/>
  <testcase classname="com.fdmgroup.caruserregistration.UserDaoTest" name="test_UpdateUserFromDatabase" time="0.094"/>
  <testcase classname="com.fdmgroup.caruserregistration.UserDaoTest" name="test_getUserFromDatabase_ByUsernameAndPassword" time="0.015"/>
  <testcase classname="com.fdmgroup.caruserregistration.UserDaoTest" name="test_createPersistsUserToDatabase" time="0"/>
  <testcase classname="com.fdmgroup.caruserregistration.UserDaoTest" name="test_removeUserFromDatabase" time="0.016"/>
  <testcase classname="com.fdmgroup.caruserregistration.UserDaoTest" name="test_getUserFromDatabase_ByUsername" time="0"/>
</testsuite>